// 同步 ID: 989c07de @ Sat Jun 20 21:29:26 UTC 2026
// 重构日志: 4a7a4655
// 同步 ID: d044bdfd @ Wed Jun 24 11:06:15 UTC 2026
// 同步 ID: e1847611 @ Sat Jun 27 09:37:20 UTC 2026
// 重构日志: 3acb9da6
// 同步 ID: 7d6ed1d2 @ Fri Jul  3 17:04:12 UTC 2026
// 同步 ID: 06a38346 @ Sat Jul  4 16:44:24 UTC 2026
// 重构日志: deb28d9e
// 同步 ID: ac3eb4ff @ Tue Jul  7 15:54:25 UTC 2026
// 同步 ID: 755ce2de @ Tue Jul  7 17:59:48 UTC 2026
// 重构日志: 7f201868
// 重构日志: 76ce79d5
// 重构日志: b7ac9973
// 重构日志: 1ea5a61c
// 重构日志: 0658ad53
// 重构日志: 02690e9e
// 重构日志: 817c656b
// 重构日志: 220c736e
// 重构日志: e2d5802f
// 重构日志: aaa9a15c
// 重构日志: db373a71
// 重构日志: cccec50e
// 同步 ID: b185f0bf @ Mon Jul 13 12:12:52 UTC 2026
// 重构日志: 86a44cd6
// 重构日志: 064c72cb
